[01/Mar/2017 15:55:39]"GET / HTTP/1.0" 500 92081
[01/Mar/2017 15:55:40]"GET / HTTP/1.0" 500 92081
Performing system checks...

System check identified no issues (0 silenced).
March 01, 2017 - 15:55:26
Django version 1.8.2, using settings 'webox_project.settings'
Starting development server at http://127.0.0.1:8000/
Quit the server with CONTROL-C.
[01/Mar/2017 16:03:59]"GET / HTTP/1.0" 200 3122
[01/Mar/2017 16:04:27]"GET /admin/ HTTP/1.0" 302 0
[01/Mar/2017 16:04:27]"GET /admin/login/?next=/admin/ HTTP/1.0" 200 1916
[01/Mar/2017 16:04:30]"POST /admin/login/?next=/admin/ HTTP/1.0" 302 0
[01/Mar/2017 16:04:30]"GET /admin/ HTTP/1.0" 200 7349
[01/Mar/2017 16:04:36]"GET / HTTP/1.0" 200 3122
[01/Mar/2017 16:05:17]"GET /we30 HTTP/1.0" 301 0
[01/Mar/2017 16:05:22]"GET /we30/ HTTP/1.0" 200 18587
[01/Mar/2017 16:07:28]"GET / HTTP/1.0" 200 3122
[01/Mar/2017 17:24:01]"GET / HTTP/1.0" 200 3122
[01/Mar/2017 17:24:01]"GET /favicon.ico HTTP/1.0" 404 2704
[01/Mar/2017 17:24:08]"GET /we30 HTTP/1.0" 301 0
[01/Mar/2017 17:24:13]"GET /we30/ HTTP/1.0" 200 18587
[01/Mar/2017 17:24:17]"GET /admin/ HTTP/1.0" 302 0
[01/Mar/2017 17:24:17]"GET /admin/login/?next=/admin/ HTTP/1.0" 200 1916
[01/Mar/2017 17:24:21]"POST /admin/login/?next=/admin/ HTTP/1.0" 302 0
[01/Mar/2017 17:24:21]"GET /admin/ HTTP/1.0" 200 7349
[01/Mar/2017 17:28:48]"GET / HTTP/1.0" 200 3122
[01/Mar/2017 17:28:50]"GET /admin/ HTTP/1.0" 200 7349
[01/Mar/2017 17:28:56]"GET /admin/ HTTP/1.0" 200 7349
[01/Mar/2017 17:29:00]"GET / HTTP/1.0" 200 3122
[01/Mar/2017 17:34:12]"GET / HTTP/1.0" 200 3122
[01/Mar/2017 17:34:14]"GET / HTTP/1.0" 200 3122
[01/Mar/2017 17:34:15]"GET / HTTP/1.0" 200 3122
[01/Mar/2017 17:34:15]"GET / HTTP/1.0" 200 3122
[01/Mar/2017 17:34:20]"GET / HTTP/1.0" 200 3122
[01/Mar/2017 17:38:56]"GET / HTTP/1.0" 200 3116
[01/Mar/2017 17:38:56]"GET /css/index.css HTTP/1.0" 404 2710
[01/Mar/2017 17:38:57]"GET / HTTP/1.0" 200 3116
[01/Mar/2017 17:38:57]"GET /css/index.css HTTP/1.0" 404 2710
[01/Mar/2017 17:38:57]"GET / HTTP/1.0" 200 3116
[01/Mar/2017 17:38:57]"GET /css/index.css HTTP/1.0" 404 2710
[01/Mar/2017 17:38:57]"GET / HTTP/1.0" 200 3116
[01/Mar/2017 17:38:57]"GET /css/index.css HTTP/1.0" 404 2710
[01/Mar/2017 17:38:57]"GET / HTTP/1.0" 200 3116
[01/Mar/2017 17:38:57]"GET /css/index.css HTTP/1.0" 404 2710
[01/Mar/2017 17:38:57]"GET / HTTP/1.0" 200 3116
[01/Mar/2017 17:38:57]"GET /css/index.css HTTP/1.0" 404 2710
[01/Mar/2017 17:38:58]"GET / HTTP/1.0" 200 3116
[01/Mar/2017 17:38:58]"GET /css/index.css HTTP/1.0" 404 2710
[01/Mar/2017 17:38:58]"GET / HTTP/1.0" 200 3116
[01/Mar/2017 17:38:58]"GET /css/index.css HTTP/1.0" 404 2710
[01/Mar/2017 17:38:59]"GET / HTTP/1.0" 200 3116
[01/Mar/2017 17:38:59]"GET /css/index.css HTTP/1.0" 404 2710
[01/Mar/2017 17:39:00]"GET / HTTP/1.0" 200 3116
[01/Mar/2017 17:39:00]"GET /css/index.css HTTP/1.0" 404 2710
[01/Mar/2017 17:39:02]"GET / HTTP/1.0" 200 3116
[01/Mar/2017 17:39:02]"GET /css/index.css HTTP/1.0" 404 2710
[01/Mar/2017 17:39:02]"GET / HTTP/1.0" 200 3116
[01/Mar/2017 17:39:03]"GET /css/index.css HTTP/1.0" 404 2710
[01/Mar/2017 17:39:03]"GET / HTTP/1.0" 200 3116
[01/Mar/2017 17:39:03]"GET /css/index.css HTTP/1.0" 404 2710
[01/Mar/2017 18:05:34]"GET /css/index.css HTTP/1.0" 404 2710
[01/Mar/2017 18:06:53]"GET /css/index.css HTTP/1.0" 404 2710
[01/Mar/2017 18:06:55]"GET /css/index.css HTTP/1.0" 404 2710
[01/Mar/2017 18:06:56]"GET /css/index.css HTTP/1.0" 404 2710
[01/Mar/2017 18:06:56]"GET /css/index.css HTTP/1.0" 404 2710
[01/Mar/2017 18:06:56]"GET /css/index.css HTTP/1.0" 404 2710
[01/Mar/2017 18:06:57]"GET /css/index.css HTTP/1.0" 404 2710
[01/Mar/2017 18:06:57]"GET /css/index.css HTTP/1.0" 404 2710
[01/Mar/2017 18:06:57]"GET /css/index.css HTTP/1.0" 404 2710
[01/Mar/2017 18:06:57]"GET /css/index.css HTTP/1.0" 404 2710
[01/Mar/2017 18:06:57]"GET /css/index.css HTTP/1.0" 404 2710
[01/Mar/2017 18:06:58]"GET /css/index.css HTTP/1.0" 404 2710
[01/Mar/2017 18:06:58]"GET /css/index.css HTTP/1.0" 404 2710
[01/Mar/2017 18:06:58]"GET /css/index.css HTTP/1.0" 404 2710
[01/Mar/2017 18:06:58]"GET /css/index.css HTTP/1.0" 404 2710
[01/Mar/2017 18:06:58]"GET /css/index.css HTTP/1.0" 404 2710
[01/Mar/2017 18:06:59]"GET /css/index.css HTTP/1.0" 404 2710
[01/Mar/2017 18:06:59]"GET /css/index.css HTTP/1.0" 404 2710
[01/Mar/2017 18:06:59]"GET /css/index.css HTTP/1.0" 404 2710
[01/Mar/2017 18:06:59]"GET /css/index.css HTTP/1.0" 404 2710
[01/Mar/2017 18:06:59]"GET /css/index.css HTTP/1.0" 404 2710
[01/Mar/2017 18:06:59]"GET /css/index.css HTTP/1.0" 404 2710
[01/Mar/2017 18:07:00]"GET /css/index.css HTTP/1.0" 404 2710
[01/Mar/2017 18:07:00]"GET /css/index.css HTTP/1.0" 404 2710
[01/Mar/2017 18:07:00]"GET /css/index.css HTTP/1.0" 404 2710
[01/Mar/2017 18:07:00]"GET /css/index.css HTTP/1.0" 404 2710
[01/Mar/2017 18:07:00]"GET /css/index.css HTTP/1.0" 404 2710
[01/Mar/2017 18:07:01]"GET /css/index.css HTTP/1.0" 404 2710
[01/Mar/2017 18:09:42]"GET / HTTP/1.0" 200 3123
[01/Mar/2017 18:09:43]"GET / HTTP/1.0" 200 3123
[01/Mar/2017 18:09:44]"GET / HTTP/1.0" 200 3123
[01/Mar/2017 18:09:45]"GET / HTTP/1.0" 200 3123
[01/Mar/2017 18:09:46]"GET / HTTP/1.0" 200 3123
[01/Mar/2017 18:12:14]"GET / HTTP/1.0" 200 3123
[01/Mar/2017 18:16:32]"GET / HTTP/1.0" 200 3096
[01/Mar/2017 18:16:34]"GET / HTTP/1.0" 200 3096
[01/Mar/2017 18:16:42]"GET / HTTP/1.0" 200 3096
[01/Mar/2017 18:20:08]"GET / HTTP/1.0" 200 3096
[01/Mar/2017 18:24:28]"GET / HTTP/1.0" 200 3092
[01/Mar/2017 18:27:17]"GET / HTTP/1.0" 200 3092
[01/Mar/2017 18:28:47]"GET / HTTP/1.0" 200 3086
[01/Mar/2017 18:30:56]"GET / HTTP/1.0" 200 3085
[01/Mar/2017 18:30:59]"GET / HTTP/1.0" 200 3085
[01/Mar/2017 18:31:00]"GET / HTTP/1.0" 200 3085
[01/Mar/2017 18:35:01]"GET / HTTP/1.0" 200 3085
[01/Mar/2017 18:39:15]"GET / HTTP/1.0" 200 3077
[01/Mar/2017 18:40:13]"GET / HTTP/1.0" 200 3005
[01/Mar/2017 18:40:18]"GET /we30/ HTTP/1.0" 200 18587
[01/Mar/2017 18:40:23]"GET /we30p/ HTTP/1.0" 200 17663
[01/Mar/2017 18:40:26]"GET /we30c/ HTTP/1.0" 200 12959
[01/Mar/2017 18:40:28]"GET /parts/ HTTP/1.0" 200 3660
[01/Mar/2017 18:41:33]"GET / HTTP/1.0" 200 3005
[01/Mar/2017 18:41:41]"GET /admin/ HTTP/1.0" 200 7349
[01/Mar/2017 18:41:41]"GET /admin/ HTTP/1.0" 200 7349
[01/Mar/2017 19:17:56]"GET / HTTP/1.0" 200 3005
[01/Mar/2017 19:17:58]"GET / HTTP/1.0" 200 3005
[01/Mar/2017 19:18:01]"GET /admin/ HTTP/1.0" 200 7349
[01/Mar/2017 19:18:04]"GET /we30/ HTTP/1.0" 200 18587
- Broken pipe from ('127.0.0.1', 39929)
[01/Mar/2017 19:18:06]"GET /we30/ HTTP/1.0" 200 18587
[01/Mar/2017 19:18:28]"GET /we30p/ HTTP/1.0" 200 17663
[01/Mar/2017 19:18:35]"GET /we30c/ HTTP/1.0" 200 12959
[01/Mar/2017 19:18:55]"GET /admin/ HTTP/1.0" 200 7349
[01/Mar/2017 19:19:18]"POST /webox/save/ HTTP/1.0" 200 4170
[01/Mar/2017 19:19:45]"GET / HTTP/1.0" 200 3005
[01/Mar/2017 19:20:42]"GET / HTTP/1.0" 200 3005
[01/Mar/2017 19:20:44]"GET / HTTP/1.0" 200 3005
[01/Mar/2017 19:20:44]"GET / HTTP/1.0" 200 3005
[01/Mar/2017 19:21:09]"GET / HTTP/1.0" 200 3005
[01/Mar/2017 19:21:17]"GET / HTTP/1.0" 200 3005
[01/Mar/2017 19:21:21]"GET / HTTP/1.0" 200 3005
[01/Mar/2017 19:21:21]"GET / HTTP/1.0" 200 3005
[01/Mar/2017 19:21:41]"GET / HTTP/1.0" 200 3005
[01/Mar/2017 19:21:41]"GET /we30/ HTTP/1.0" 200 18587
[01/Mar/2017 19:21:50]"GET /admin HTTP/1.0" 301 0
[01/Mar/2017 19:21:50]"GET /admin/ HTTP/1.0" 200 7349
[01/Mar/2017 19:22:07]"GET /admin/ HTTP/1.0" 200 7349
[01/Mar/2017 19:22:12]"GET / HTTP/1.0" 200 3005
[01/Mar/2017 19:22:14]"GET /we30p/ HTTP/1.0" 200 17663
[01/Mar/2017 19:22:14]"GET /we30c/ HTTP/1.0" 200 12959
[01/Mar/2017 19:22:16]"GET /admin/ HTTP/1.0" 200 7349
[01/Mar/2017 19:22:20]"GET /admin/app/box/ HTTP/1.0" 200 86301
[01/Mar/2017 19:22:20]"GET /admin/jsi18n/ HTTP/1.0" 200 6496
[01/Mar/2017 19:22:45]"GET /admin/app/box/?q=WE30C16072804781 HTTP/1.0" 200 7912
[01/Mar/2017 19:22:45]"GET /admin/jsi18n/ HTTP/1.0" 200 6496
[01/Mar/2017 19:23:52]"GET / HTTP/1.0" 200 3005
[01/Mar/2017 19:23:53]"GET /we30/ HTTP/1.0" 200 18587
[01/Mar/2017 19:23:53]"GET /favicon.ico HTTP/1.0" 404 2704
[01/Mar/2017 19:27:09]"GET / HTTP/1.0" 200 3005
[01/Mar/2017 19:27:14]"GET /we30/ HTTP/1.0" 200 18588
[01/Mar/2017 19:28:37]"GET /we30p/ HTTP/1.0" 200 17663
[01/Mar/2017 19:28:58]"GET /we30c/ HTTP/1.0" 200 12960
[01/Mar/2017 19:30:43]"GET / HTTP/1.0" 200 3005
[01/Mar/2017 19:30:44]"GET /favicon.ico HTTP/1.0" 404 2704
[01/Mar/2017 19:30:48]"GET /parts/ HTTP/1.0" 200 3660
[01/Mar/2017 19:31:12]"GET / HTTP/1.0" 200 3005
[01/Mar/2017 19:31:12]"GET /we30/ HTTP/1.0" 200 18588
[01/Mar/2017 19:31:14]"GET /we30p/ HTTP/1.0" 200 17663
[01/Mar/2017 19:31:15]"GET /we30c/ HTTP/1.0" 200 12960
[01/Mar/2017 19:32:02]"GET /parts/ HTTP/1.0" 200 3660
[01/Mar/2017 19:39:03]"GET / HTTP/1.0" 200 3005
[01/Mar/2017 19:39:07]"GET /admin HTTP/1.0" 301 0
[01/Mar/2017 19:39:07]"GET /admin/ HTTP/1.0" 200 7349
[01/Mar/2017 19:39:47]"POST /webox/save/ HTTP/1.0" 200 11301
[01/Mar/2017 19:41:58]"GET / HTTP/1.0" 200 3005
[01/Mar/2017 19:42:03]"GET /we30/ HTTP/1.0" 200 18588
[01/Mar/2017 19:42:21]"GET /we30p/ HTTP/1.0" 200 17664
[01/Mar/2017 19:42:26]"GET /we30c/ HTTP/1.0" 200 12960
[01/Mar/2017 19:42:37]"GET / HTTP/1.0" 200 3005
[02/Mar/2017 10:46:23]"GET / HTTP/1.0" 200 3005
[02/Mar/2017 10:46:28]"GET /we30/ HTTP/1.0" 200 18624
[02/Mar/2017 10:46:34]"GET /we30p/ HTTP/1.0" 200 17687
[02/Mar/2017 10:46:36]"GET /we30c/ HTTP/1.0" 200 12960
[02/Mar/2017 10:46:38]"GET /parts/ HTTP/1.0" 200 3660
[02/Mar/2017 10:48:01]"GET / HTTP/1.0" 200 3005
[02/Mar/2017 11:12:50]"GET / HTTP/1.0" 200 3005
[02/Mar/2017 11:12:57]"GET /we30/ HTTP/1.0" 200 18624
[02/Mar/2017 11:13:02]"GET /we30p/ HTTP/1.0" 200 17687
[02/Mar/2017 11:13:04]"GET /we30/ HTTP/1.0" 200 18624
[02/Mar/2017 11:13:21]"GET /we30c/ HTTP/1.0" 200 12960
[02/Mar/2017 11:13:24]"GET /parts/ HTTP/1.0" 200 3660
[02/Mar/2017 12:01:09]"GET /we30p/ HTTP/1.0" 200 17687
[02/Mar/2017 12:01:13]"GET /we30/ HTTP/1.0" 200 18624
[02/Mar/2017 12:01:15]"GET /we30c/ HTTP/1.0" 200 12960
[02/Mar/2017 12:01:16]"GET /parts/ HTTP/1.0" 200 3660
[02/Mar/2017 14:35:35]"GET / HTTP/1.0" 200 3005
[02/Mar/2017 14:35:40]"GET /we30/ HTTP/1.0" 200 18624
[02/Mar/2017 14:36:09]"GET / HTTP/1.0" 200 3005
[02/Mar/2017 14:36:09]"GET /we30/ HTTP/1.0" 200 18624
[02/Mar/2017 14:36:11]"GET /favicon.ico HTTP/1.0" 404 2704
[02/Mar/2017 14:37:21]"GET /we30p/ HTTP/1.0" 200 17687
[02/Mar/2017 14:38:04]"GET /we30c/ HTTP/1.0" 200 12960
[02/Mar/2017 15:15:59]"GET / HTTP/1.0" 200 3005
[02/Mar/2017 15:15:59]"GET /favicon.ico HTTP/1.0" 404 2704
[02/Mar/2017 15:16:04]"GET /parts/ HTTP/1.0" 200 3660
[02/Mar/2017 15:16:06]"GET /we30c/ HTTP/1.0" 200 12960
[02/Mar/2017 15:16:07]"GET /we30/ HTTP/1.0" 200 18624
[02/Mar/2017 15:16:08]"GET /we30p/ HTTP/1.0" 200 17687
[02/Mar/2017 16:27:22]"GET / HTTP/1.0" 200 3005
[02/Mar/2017 16:27:27]"GET /we30/ HTTP/1.0" 200 18624
[02/Mar/2017 16:27:47]"GET / HTTP/1.0" 200 3005
[02/Mar/2017 16:27:47]"GET /we30/ HTTP/1.0" 200 18624
[02/Mar/2017 16:27:47]"GET /favicon.ico HTTP/1.0" 404 2704
[02/Mar/2017 17:48:08]"GET /we30c/ HTTP/1.0" 200 12960
[02/Mar/2017 17:48:08]"GET /we30p/ HTTP/1.0" 200 17687
[02/Mar/2017 17:48:13]"GET /we30/ HTTP/1.0" 200 18624
[02/Mar/2017 18:20:17]"GET / HTTP/1.0" 200 3005
[02/Mar/2017 18:20:22]"GET /we30/ HTTP/1.0" 200 18624
[03/Mar/2017 17:53:55]"GET / HTTP/1.0" 200 3005
[03/Mar/2017 17:53:55]"GET /favicon.ico HTTP/1.0" 404 2704
[03/Mar/2017 17:54:00]"GET /we30/ HTTP/1.0" 200 18624
[03/Mar/2017 17:54:02]"GET /we30c/ HTTP/1.0" 200 12960
[03/Mar/2017 18:54:00]"GET / HTTP/1.0" 200 3005
[03/Mar/2017 18:54:05]"GET /we30/ HTTP/1.0" 200 18624
[03/Mar/2017 18:54:13]"GET /we30c/ HTTP/1.0" 200 12960
[03/Mar/2017 19:01:36]"GET /admin HTTP/1.0" 301 0
[03/Mar/2017 19:01:36]"GET /admin/ HTTP/1.0" 200 7349
[03/Mar/2017 19:01:37]"GET /admin/ HTTP/1.0" 200 7349
[03/Mar/2017 19:01:39]"GET /admin/app/box/ HTTP/1.0" 200 83557
[03/Mar/2017 19:01:39]"GET /admin/jsi18n/ HTTP/1.0" 200 6496
[03/Mar/2017 19:01:47]"GET /admin/app/box/?q=WE30C16101200564 HTTP/1.0" 200 7874
[03/Mar/2017 19:01:47]"GET /admin/jsi18n/ HTTP/1.0" 200 6496
[03/Mar/2017 19:01:48]"GET /admin/app/box/364/?_changelist_filters=q%3DWE30C16101200564 HTTP/1.0" 200 10685
[03/Mar/2017 19:01:48]"GET /admin/jsi18n/ HTTP/1.0" 200 6496
[03/Mar/2017 19:02:12]"POST /admin/app/box/364/?_changelist_filters=q%3DWE30C16101200564 HTTP/1.0" 302 0
[03/Mar/2017 19:02:13]"GET /admin/app/box/?q=WE30C16101200564 HTTP/1.0" 200 8032
[03/Mar/2017 19:02:13]"GET /admin/jsi18n/ HTTP/1.0" 200 6496
[03/Mar/2017 19:02:15]"GET /admin/app/box/364/?_changelist_filters=q%3DWE30C16101200564 HTTP/1.0" 200 10694
[03/Mar/2017 19:02:19]"GET / HTTP/1.0" 200 3005
[03/Mar/2017 19:08:57]"GET / HTTP/1.0" 200 3005
[03/Mar/2017 19:08:59]"GET /we30/ HTTP/1.0" 200 18624
[03/Mar/2017 19:08:59]"GET /favicon.ico HTTP/1.0" 404 2704
[03/Mar/2017 19:09:01]"GET /we30c/ HTTP/1.0" 200 12960
[06/Mar/2017 15:51:46]"GET /favicon.ico HTTP/1.0" 404 2704
[06/Mar/2017 16:23:49]"GET / HTTP/1.0" 200 3005
[06/Mar/2017 16:23:54]"GET /parts/ HTTP/1.0" 200 3660
[06/Mar/2017 16:23:56]"GET /we30c/ HTTP/1.0" 200 12960
[06/Mar/2017 16:23:57]"GET /we30/ HTTP/1.0" 200 18624
[06/Mar/2017 16:23:58]"GET /we30p/ HTTP/1.0" 200 17687
[13/Mar/2017 18:05:36]"GET / HTTP/1.0" 200 3005
[13/Mar/2017 18:05:36]"GET /favicon.ico HTTP/1.0" 404 2704
[13/Mar/2017 18:05:37]"GET / HTTP/1.0" 200 3005
[13/Mar/2017 18:05:43]"GET /admin HTTP/1.0" 301 0
[13/Mar/2017 18:05:43]"GET /admin/ HTTP/1.0" 200 7383
[13/Mar/2017 18:05:45]"GET /we30/ HTTP/1.0" 200 18624
- Broken pipe from ('127.0.0.1', 59322)
[13/Mar/2017 18:05:47]"GET /we30/ HTTP/1.0" 200 18624
[13/Mar/2017 18:05:49]"GET /admin/ HTTP/1.0" 200 7383
[13/Mar/2017 18:05:51]"GET /admin/app/box/ HTTP/1.0" 200 83557
[13/Mar/2017 18:05:51]"GET /admin/jsi18n/ HTTP/1.0" 200 6496
Performing system checks...

System check identified no issues (0 silenced).
March 01, 2017 - 16:03:55
Django version 1.8.2, using settings 'webox_project.settings'
Starting development server at http://127.0.0.1:8000/
Quit the server with CONTROL-C.
[13/Mar/2017 18:24:02]"GET / HTTP/1.0" 200 3005
[13/Mar/2017 18:24:02]"GET /favicon.ico HTTP/1.0" 404 2704
[13/Mar/2017 18:24:04]"GET / HTTP/1.0" 200 3005
[13/Mar/2017 18:24:04]"GET /we30/ HTTP/1.0" 200 18624
- Broken pipe from ('127.0.0.1', 59908)
[13/Mar/2017 18:24:04]"GET /we30/ HTTP/1.0" 200 18624
[13/Mar/2017 18:24:08]"GET /we30p/ HTTP/1.0" 200 17687
[13/Mar/2017 18:24:10]"GET / HTTP/1.0" 200 3005
[13/Mar/2017 18:24:10]"GET /we30/ HTTP/1.0" 200 18624
Performing system checks...

System check identified no issues (0 silenced).
March 13, 2017 - 18:23:36
Django version 1.8.2, using settings 'webox_project.settings'
Starting development server at http://127.0.0.1:8000/
Quit the server with CONTROL-C.
[13/Mar/2017 18:25:59]"GET / HTTP/1.0" 200 3005
[13/Mar/2017 18:26:01]"GET / HTTP/1.0" 200 3005
[13/Mar/2017 18:26:04]"GET / HTTP/1.0" 200 3005
[13/Mar/2017 18:26:06]"GET /we30/ HTTP/1.0" 200 18624
[13/Mar/2017 18:26:10]"GET / HTTP/1.0" 200 3005
[13/Mar/2017 18:26:12]"GET /we30/ HTTP/1.0" 200 18624
[13/Mar/2017 18:26:17]"GET /we30p/ HTTP/1.0" 200 17687
[13/Mar/2017 18:26:19]"GET /we30c/ HTTP/1.0" 200 12960
[13/Mar/2017 18:26:21]"GET /parts/ HTTP/1.0" 200 3660
[13/Mar/2017 18:26:23]"GET /we30c/ HTTP/1.0" 200 12960
[13/Mar/2017 18:26:26]"GET /we30p/ HTTP/1.0" 200 17687
[13/Mar/2017 18:26:27]"GET /we30/ HTTP/1.0" 200 18624
[13/Mar/2017 18:27:21]"GET / HTTP/1.0" 200 3005
[13/Mar/2017 18:27:23]"GET /we30/ HTTP/1.0" 200 18624
[13/Mar/2017 18:31:18]"GET / HTTP/1.0" 200 1844
[13/Mar/2017 18:31:21]"GET / HTTP/1.0" 200 1844
[13/Mar/2017 18:33:14]"GET / HTTP/1.0" 200 1780
[13/Mar/2017 18:33:16]"GET /we30/ HTTP/1.0" 200 7656
[13/Mar/2017 18:36:01]"GET / HTTP/1.0" 200 1780
[13/Mar/2017 18:36:02]"GET /we30/ HTTP/1.0" 200 7649
[13/Mar/2017 18:42:47]"GET / HTTP/1.0" 200 1780
[13/Mar/2017 18:42:49]"GET /we30/ HTTP/1.0" 200 7649
[13/Mar/2017 18:42:53]"GET /we30p/ HTTP/1.0" 200 7253
[13/Mar/2017 18:42:55]"GET /we30c/ HTTP/1.0" 200 4749
[13/Mar/2017 18:43:26]"GET /parts/ HTTP/1.0" 200 3080
[13/Mar/2017 18:43:29]"GET /we30/ HTTP/1.0" 200 7649
[13/Mar/2017 18:43:32]"GET /admin HTTP/1.0" 301 0
[13/Mar/2017 18:43:32]"GET /admin/ HTTP/1.0" 200 7383
[13/Mar/2017 18:43:34]"GET /admin/ HTTP/1.0" 200 7383
[13/Mar/2017 18:48:05]"GET /admin/ HTTP/1.0" 200 7383
[13/Mar/2017 18:48:06]"GET /admin/ HTTP/1.0" 200 7383
[13/Mar/2017 18:48:10]"GET / HTTP/1.0" 200 1780
[13/Mar/2017 18:48:12]"GET /we30/ HTTP/1.0" 200 7649
[13/Mar/2017 18:48:17]"GET /admin/ HTTP/1.0" 200 7383
[13/Mar/2017 18:48:18]"GET /admin/ HTTP/1.0" 200 7383
[13/Mar/2017 18:49:52]"GET /admin/ HTTP/1.0" 200 7383
[13/Mar/2017 18:49:53]"GET /admin/ HTTP/1.0" 200 7383
[13/Mar/2017 18:49:54]"GET /admin/ HTTP/1.0" 200 7383
[13/Mar/2017 18:49:54]"GET /admin/ HTTP/1.0" 200 7383
[13/Mar/2017 18:49:57]"GET / HTTP/1.0" 200 1780
[13/Mar/2017 18:49:59]"GET /we30/ HTTP/1.0" 200 7649
[13/Mar/2017 18:50:05]"GET /admin/ HTTP/1.0" 200 7383
[13/Mar/2017 18:50:06]"GET /admin/ HTTP/1.0" 200 7383
[13/Mar/2017 18:56:32]"GET /admin/ HTTP/1.0" 200 7383
[13/Mar/2017 18:56:37]"GET / HTTP/1.0" 200 1780
[13/Mar/2017 18:56:39]"GET /we30/ HTTP/1.0" 200 7649
[13/Mar/2017 18:58:11]"GET / HTTP/1.0" 200 1780
[13/Mar/2017 18:58:12]"GET /we30/ HTTP/1.0" 200 7649
[13/Mar/2017 18:58:16]"GET /we30p/ HTTP/1.0" 200 7253
[13/Mar/2017 18:58:18]"GET /admin/ HTTP/1.0" 200 7383
[13/Mar/2017 18:58:22]"POST /webox/save/ HTTP/1.0" 500 73261
[13/Mar/2017 19:17:24]"POST /webox/save/ HTTP/1.0" 500 70260
[13/Mar/2017 19:20:19]"GET /admin/ HTTP/1.0" 200 7383
[13/Mar/2017 19:20:20]"GET /admin/ HTTP/1.0" 200 7383
Performing system checks...

System check identified no issues (0 silenced).
March 13, 2017 - 18:25:46
Django version 1.8.2, using settings 'webox_project.settings'
Starting development server at http://127.0.0.1:8000/
Quit the server with CONTROL-C.
[13/Mar/2017 19:23:50]"POST /webox/save/ HTTP/1.0" 200 4739
[13/Mar/2017 19:23:59]"GET / HTTP/1.0" 200 1780
[13/Mar/2017 19:24:01]"GET /we30/ HTTP/1.0" 200 7649
[13/Mar/2017 19:24:08]"GET /admin/ HTTP/1.0" 200 7383
[13/Mar/2017 19:24:11]"GET /admin/app/box/ HTTP/1.0" 200 84254
[13/Mar/2017 19:24:11]"GET /admin/jsi18n/ HTTP/1.0" 200 6496
[13/Mar/2017 19:24:17]"GET /admin/app/box/?q=WE30C16101201185 HTTP/1.0" 200 7888
[13/Mar/2017 19:24:17]"GET /admin/jsi18n/ HTTP/1.0" 200 6496
[13/Mar/2017 19:27:57]"GET / HTTP/1.0" 200 1780
[13/Mar/2017 19:27:57]"GET /favicon.ico HTTP/1.0" 404 2704
[13/Mar/2017 19:27:59]"GET /we30/ HTTP/1.0" 200 7649
[13/Mar/2017 19:28:02]"GET /we30p/ HTTP/1.0" 200 7256
[13/Mar/2017 19:28:04]"GET /we30/ HTTP/1.0" 200 7649
[13/Mar/2017 19:28:14]"GET /we30c/ HTTP/1.0" 200 4749
[13/Mar/2017 19:28:25]"GET /we30/ HTTP/1.0" 200 7649
[13/Mar/2017 19:29:08]"GET /we30p/ HTTP/1.0" 200 7256
[13/Mar/2017 19:29:21]"GET /we30c/ HTTP/1.0" 200 4749
[13/Mar/2017 19:29:33]"GET /parts/ HTTP/1.0" 200 3080
[14/Mar/2017 11:34:25]"GET / HTTP/1.0" 200 1780
[14/Mar/2017 11:34:25]"GET /favicon.ico HTTP/1.0" 404 2704
[14/Mar/2017 11:34:27]"GET /we30/ HTTP/1.0" 200 7649
[15/Mar/2017 17:37:09]"GET /favicon.ico HTTP/1.0" 404 2704
[16/Mar/2017 15:22:46]"GET /favicon.ico HTTP/1.0" 404 2704
[16/Mar/2017 18:51:12]"GET /favicon.ico HTTP/1.0" 404 2704
Performing system checks...

System check identified no issues (0 silenced).
March 13, 2017 - 19:23:18
Django version 1.8.2, using settings 'webox_project.settings'
Starting development server at http://127.0.0.1:8000/
Quit the server with CONTROL-C.
[21/Mar/2017 12:33:20]"GET / HTTP/1.0" 500 81986
[21/Mar/2017 12:33:20]"GET /favicon.ico HTTP/1.0" 500 99084
[21/Mar/2017 12:33:21]"GET / HTTP/1.0" 500 81986
[21/Mar/2017 12:33:21]"GET /favicon.ico HTTP/1.0" 500 99084
[21/Mar/2017 12:35:59]"GET / HTTP/1.0" 500 82130
[21/Mar/2017 12:35:59]"GET /favicon.ico HTTP/1.0" 500 99381
[21/Mar/2017 12:38:13]"GET / HTTP/1.0" 200 1929
[21/Mar/2017 12:38:14]"GET /favicon.ico HTTP/1.0" 404 2811
[21/Mar/2017 12:38:15]"GET /we30/ HTTP/1.0" 200 7649
[21/Mar/2017 12:38:17]"GET /we30v/ HTTP/1.0" 200 3885
[21/Mar/2017 12:38:19]"GET /we30c/ HTTP/1.0" 200 4749
[21/Mar/2017 12:38:21]"GET /we30p/ HTTP/1.0" 200 7256
[21/Mar/2017 17:35:54]"GET / HTTP/1.0" 200 1929
[21/Mar/2017 17:35:54]"GET /favicon.ico HTTP/1.0" 404 2811
[21/Mar/2017 17:35:55]"GET /we30/ HTTP/1.0" 200 7649
[21/Mar/2017 17:36:01]"GET /admin/ HTTP/1.0" 302 0
[21/Mar/2017 17:36:01]"GET /admin/login/?next=/admin/ HTTP/1.0" 200 1916
[21/Mar/2017 17:36:05]"POST /admin/login/?next=/admin/ HTTP/1.0" 302 0
[21/Mar/2017 17:36:05]"GET /admin/ HTTP/1.0" 200 7383
[21/Mar/2017 17:36:07]"GET /admin/app/box/ HTTP/1.0" 200 84254
[21/Mar/2017 17:36:07]"GET /admin/jsi18n/ HTTP/1.0" 200 6496
[21/Mar/2017 17:41:01]"GET /admin/ HTTP/1.0" 200 7383
[21/Mar/2017 17:41:17]"POST /webox/save/ HTTP/1.0" 200 3198
[21/Mar/2017 17:41:31]"GET / HTTP/1.0" 200 1929
[21/Mar/2017 17:41:33]"GET /we30/ HTTP/1.0" 200 7860
[21/Mar/2017 17:41:34]"GET /we30v/ HTTP/1.0" 200 3886
[21/Mar/2017 17:41:52]"GET /we30/ HTTP/1.0" 200 7860
[21/Mar/2017 17:41:55]"GET /we30p/ HTTP/1.0" 200 7257
[21/Mar/2017 17:41:56]"GET /we30c/ HTTP/1.0" 200 4749
[21/Mar/2017 17:41:59]"GET /we30p/ HTTP/1.0" 200 7257
[21/Mar/2017 17:42:41]"GET /we30/ HTTP/1.0" 200 7860
[21/Mar/2017 17:57:11]"GET / HTTP/1.0" 200 1929
[21/Mar/2017 17:57:13]"GET /we30/ HTTP/1.0" 200 7860
[21/Mar/2017 17:57:17]"GET /we30v/ HTTP/1.0" 200 3886
[21/Mar/2017 17:57:26]"GET /we30c/ HTTP/1.0" 200 4749
[21/Mar/2017 17:57:29]"GET /we30p/ HTTP/1.0" 200 7257
[21/Mar/2017 17:59:12]"GET / HTTP/1.0" 200 1929
[21/Mar/2017 17:59:14]"GET /we30/ HTTP/1.0" 200 7860
[21/Mar/2017 17:59:15]"GET /we30v/ HTTP/1.0" 200 3886
[21/Mar/2017 18:16:51]"GET /we30/ HTTP/1.0" 200 7860
[21/Mar/2017 18:17:40]"GET /we30p/ HTTP/1.0" 200 7257
[21/Mar/2017 18:17:56]"GET /we30c/ HTTP/1.0" 200 4749
[21/Mar/2017 18:19:03]"GET /we30v/ HTTP/1.0" 200 3886
[21/Mar/2017 18:19:12]"GET /parts/ HTTP/1.0" 200 3080
[23/Mar/2017 15:52:37]"GET /favicon.ico HTTP/1.0" 404 2811
Performing system checks...

System check identified no issues (0 silenced).
March 21, 2017 - 12:30:19
Django version 1.8.2, using settings 'webox_project.settings'
Starting development server at http://127.0.0.1:8000/
Quit the server with CONTROL-C.
[27/Mar/2017 14:42:57]"GET / HTTP/1.0" 200 1929
[27/Mar/2017 14:42:57]"GET /favicon.ico HTTP/1.0" 404 2811
[27/Mar/2017 14:42:59]"GET /we30/ HTTP/1.0" 200 7860
[27/Mar/2017 14:43:01]"GET /parts/ HTTP/1.0" 500 12035
[27/Mar/2017 14:43:04]"GET /we30v/ HTTP/1.0" 200 3886
[27/Mar/2017 14:43:05]"GET /parts/ HTTP/1.0" 500 12035
[27/Mar/2017 14:43:06]"GET /parts/ HTTP/1.0" 500 12035
[27/Mar/2017 14:43:06]"GET /parts/ HTTP/1.0" 500 12035
[27/Mar/2017 14:43:06]"GET /parts/ HTTP/1.0" 500 12035
[27/Mar/2017 14:43:07]"GET /we30v/ HTTP/1.0" 200 3886
[27/Mar/2017 14:43:07]"GET /parts/ HTTP/1.0" 500 12035
[27/Mar/2017 14:43:08]"GET /we30v/ HTTP/1.0" 200 3886
[27/Mar/2017 14:43:09]"GET /we30c/ HTTP/1.0" 200 4749
[27/Mar/2017 14:43:11]"GET /we30p/ HTTP/1.0" 200 7257
[27/Mar/2017 14:43:14]"GET /we30/ HTTP/1.0" 200 7860
[27/Mar/2017 14:43:14]"GET /parts/ HTTP/1.0" 500 12035
[27/Mar/2017 14:43:19]"GET /parts/ HTTP/1.0" 500 12035
[27/Mar/2017 14:43:19]"GET /parts/ HTTP/1.0" 500 12035
[27/Mar/2017 14:43:20]"GET /parts/ HTTP/1.0" 500 12035
[27/Mar/2017 14:43:20]"GET /parts/ HTTP/1.0" 500 12035
[27/Mar/2017 14:44:54]"GET / HTTP/1.0" 200 1929
[27/Mar/2017 14:44:55]"GET /favicon.ico HTTP/1.0" 404 2811
[27/Mar/2017 14:44:55]"GET / HTTP/1.0" 200 1929
[27/Mar/2017 14:44:56]"GET /we30/ HTTP/1.0" 200 7860
- Broken pipe from ('127.0.0.1', 35148)
[27/Mar/2017 14:44:57]"GET /we30/ HTTP/1.0" 200 7860
[27/Mar/2017 14:44:59]"GET /parts/ HTTP/1.0" 500 11940
[27/Mar/2017 14:45:27]"GET /we30v/ HTTP/1.0" 200 3886
[27/Mar/2017 14:45:29]"GET /we30c/ HTTP/1.0" 200 4749
[27/Mar/2017 14:45:33]"GET /we30p/ HTTP/1.0" 200 7257
[27/Mar/2017 14:45:36]"GET /we30c/ HTTP/1.0" 200 4749
[27/Mar/2017 14:45:40]"GET /we30/ HTTP/1.0" 200 7860
Performing system checks...

System check identified no issues (0 silenced).
March 27, 2017 - 14:42:46
Django version 1.8.2, using settings 'webox_project.settings'
Starting development server at http://127.0.0.1:8000/
Quit the server with CONTROL-C.
[27/Mar/2017 14:46:42]"GET / HTTP/1.0" 200 1929
[27/Mar/2017 14:46:44]"GET /we30/ HTTP/1.0" 200 7860
[27/Mar/2017 14:46:45]"GET /parts/ HTTP/1.0" 500 11940
[27/Mar/2017 14:47:07]"GET /parts HTTP/1.0" 301 0
[27/Mar/2017 14:47:07]"GET /parts/ HTTP/1.0" 500 66596
[27/Mar/2017 14:47:20]"GET /parts/ HTTP/1.0" 500 66725
[27/Mar/2017 14:47:23]"GET / HTTP/1.0" 200 1929
[27/Mar/2017 14:47:25]"GET /we30/ HTTP/1.0" 200 7860
Performing system checks...

System check identified no issues (0 silenced).
March 27, 2017 - 14:46:34
Django version 1.8.2, using settings 'webox_project.settings'
Starting development server at http://127.0.0.1:8000/
Quit the server with CONTROL-C.
[27/Mar/2017 14:49:23]"GET / HTTP/1.0" 200 1929
[27/Mar/2017 14:49:25]"GET /we30/ HTTP/1.0" 200 7860
[27/Mar/2017 14:49:28]"GET /we30v/ HTTP/1.0" 200 3886
[27/Mar/2017 14:49:30]"GET /parts/ HTTP/1.0" 200 2962
[27/Mar/2017 14:50:23]"GET / HTTP/1.0" 200 1929
[27/Mar/2017 14:50:25]"GET /we30/ HTTP/1.0" 200 7860
[27/Mar/2017 14:50:26]"GET /parts/ HTTP/1.0" 200 2962
[27/Mar/2017 14:50:31]"GET /admin HTTP/1.0" 301 0
[27/Mar/2017 14:50:31]"GET /admin/ HTTP/1.0" 200 7383
[27/Mar/2017 14:52:32]"GET /admin/app/box/ HTTP/1.0" 200 86148
[27/Mar/2017 14:52:32]"GET /admin/jsi18n/ HTTP/1.0" 200 6496
[27/Mar/2017 14:52:34]"GET /admin/app/box/?q=WE30C16101203348 HTTP/1.0" 200 4295
[27/Mar/2017 14:52:34]"GET /admin/jsi18n/ HTTP/1.0" 200 6496
[27/Mar/2017 14:52:48]"GET /admin/app/box/?q=WE3015102614449 HTTP/1.0" 200 4293
[27/Mar/2017 14:52:48]"GET /admin/jsi18n/ HTTP/1.0" 200 6496
[27/Mar/2017 14:52:49]"GET /admin/app/box/?q=WE3015102614449 HTTP/1.0" 200 4293
[27/Mar/2017 14:52:49]"GET /admin/jsi18n/ HTTP/1.0" 200 6496
[27/Mar/2017 14:52:59]"GET /admin/app/box/?q=WE30C16090104512 HTTP/1.0" 200 7768
[27/Mar/2017 14:52:59]"GET /admin/jsi18n/ HTTP/1.0" 200 6496
[27/Mar/2017 15:50:24]"GET / HTTP/1.0" 200 1929
[27/Mar/2017 15:50:26]"GET /we30c/ HTTP/1.0" 200 4749
[27/Mar/2017 15:50:26]"GET /we30/ HTTP/1.0" 200 7860
[27/Mar/2017 15:50:42]"GET /admin/ HTTP/1.0" 200 7383
[27/Mar/2017 15:50:43]"GET /admin/ HTTP/1.0" 200 7383
[27/Mar/2017 15:50:45]"GET /admin/app/box/ HTTP/1.0" 200 86148
[27/Mar/2017 15:50:45]"GET /admin/jsi18n/ HTTP/1.0" 200 6496
[27/Mar/2017 15:50:47]"GET /admin/app/box/?q=we30 HTTP/1.0" 200 89371
[27/Mar/2017 15:50:48]"GET /admin/jsi18n/ HTTP/1.0" 200 6496
[27/Mar/2017 15:50:50]"GET /admin/app/box/?q=we30c HTTP/1.0" 200 88416
[27/Mar/2017 15:50:50]"GET /admin/jsi18n/ HTTP/1.0" 200 6496
[27/Mar/2017 15:50:52]"GET /admin/app/box/?q=we30c HTTP/1.0" 200 88416
[27/Mar/2017 15:50:52]"GET /admin/jsi18n/ HTTP/1.0" 200 6496
[27/Mar/2017 15:50:55]"GET /admin/app/box/?q=we30c0822 HTTP/1.0" 200 4281
[27/Mar/2017 15:50:55]"GET /admin/jsi18n/ HTTP/1.0" 200 6496
[27/Mar/2017 15:50:58]"GET /admin/app/box/?q=we30c08 HTTP/1.0" 200 4277
[27/Mar/2017 15:50:58]"GET /admin/jsi18n/ HTTP/1.0" 200 6496
[27/Mar/2017 15:51:04]"GET /admin/app/box/?q=we30c160822 HTTP/1.0" 200 4285
[27/Mar/2017 15:51:04]"GET /admin/jsi18n/ HTTP/1.0" 200 6496
[27/Mar/2017 15:51:06]"GET /admin/app/box/?q=we30c1608 HTTP/1.0" 200 4281
[27/Mar/2017 15:51:06]"GET /admin/jsi18n/ HTTP/1.0" 200 6496
[27/Mar/2017 15:51:08]"GET /admin/app/box/?q=we30c1609 HTTP/1.0" 200 89176
[27/Mar/2017 15:51:08]"GET /admin/jsi18n/ HTTP/1.0" 200 6496
[27/Mar/2017 15:51:13]"GET /admin/app/box/?q=we30c1607 HTTP/1.0" 200 90660
[27/Mar/2017 15:51:13]"GET /admin/jsi18n/ HTTP/1.0" 200 6496
[27/Mar/2017 15:51:33]"GET /admin/app/box/?q=we30c1606 HTTP/1.0" 200 21284
[27/Mar/2017 15:51:34]"GET /admin/jsi18n/ HTTP/1.0" 200 6496
[27/Mar/2017 15:51:53]"GET /admin/app/box/?q=WE30C16061710001 HTTP/1.0" 200 4295
[27/Mar/2017 15:51:53]"GET /admin/jsi18n/ HTTP/1.0" 200 6496
[27/Mar/2017 15:51:55]"GET /admin/app/box/?q=WE30C16061710001 HTTP/1.0" 200 4295
[27/Mar/2017 15:51:55]"GET /admin/jsi18n/ HTTP/1.0" 200 6496
[27/Mar/2017 15:51:56]"GET /admin/app/box/?q=WE30C16061710001 HTTP/1.0" 200 4295
[27/Mar/2017 15:51:56]"GET /admin/jsi18n/ HTTP/1.0" 200 6496
[27/Mar/2017 15:51:56]"GET /admin/app/box/?q=WE30C16061710001 HTTP/1.0" 200 4295
[27/Mar/2017 15:51:56]"GET /admin/jsi18n/ HTTP/1.0" 200 6496
[27/Mar/2017 15:57:43]"GET /admin/app/box/?q=%E9%81%A5%E6%8E%A7%E5%99%A8%E4%B8%8D HTTP/1.0" 200 46015
[27/Mar/2017 15:57:43]"GET /admin/jsi18n/ HTTP/1.0" 200 6496
[27/Mar/2017 15:59:19]"GET /admin/app/box/?q=%E5%AE%A2%E6%88%B7%E5%BA%94%E7%94%A8%E9%97%AE%E9%A2%98 HTTP/1.0" 200 50820
[27/Mar/2017 15:59:19]"GET /admin/jsi18n/ HTTP/1.0" 200 6496
[27/Mar/2017 16:07:52]"GET /admin/app/ HTTP/1.0" 200 3501
[27/Mar/2017 16:07:53]"GET /admin/app/parts/ HTTP/1.0" 200 58771
[27/Mar/2017 16:07:53]"GET /admin/jsi18n/ HTTP/1.0" 200 6496
[27/Mar/2017 16:14:10]"GET /admin/app/parts/?q=HDMI HTTP/1.0" 200 60760
[27/Mar/2017 16:14:10]"GET /admin/jsi18n/ HTTP/1.0" 200 6496
[27/Mar/2017 16:14:58]"GET /admin/app/ HTTP/1.0" 200 3501
[27/Mar/2017 16:15:11]"POST /webox/save/ HTTP/1.0" 200 204
[27/Mar/2017 16:15:22]"GET / HTTP/1.0" 200 1929
[27/Mar/2017 16:15:24]"GET /we30/ HTTP/1.0" 200 7861
[27/Mar/2017 16:15:25]"GET /admin/ HTTP/1.0" 200 7383
[27/Mar/2017 16:15:26]"GET /admin/ HTTP/1.0" 200 7383
[27/Mar/2017 16:15:27]"GET /admin/app/box/ HTTP/1.0" 200 85501
[27/Mar/2017 16:15:27]"GET /admin/jsi18n/ HTTP/1.0" 200 6496
[27/Mar/2017 16:15:29]"GET /admin/app/box/?q=WE30P15111602284 HTTP/1.0" 200 7762
[27/Mar/2017 16:15:29]"GET /admin/jsi18n/ HTTP/1.0" 200 6496
[27/Mar/2017 16:15:37]"GET /admin/ HTTP/1.0" 200 7383
[27/Mar/2017 16:15:45]"POST /webox/save_parts/ HTTP/1.0" 500 69962
[27/Mar/2017 16:18:53]"GET /admin/ HTTP/1.0" 302 0
[27/Mar/2017 16:18:53]"GET /admin/login/?next=/admin/ HTTP/1.0" 200 1916
[27/Mar/2017 16:18:54]"GET /admin/ HTTP/1.0" 302 0
[27/Mar/2017 16:18:54]"GET /admin/login/?next=/admin/ HTTP/1.0" 200 1916
[27/Mar/2017 16:18:58]"POST /admin/login/?next=/admin/ HTTP/1.0" 302 0
[27/Mar/2017 16:18:58]"GET /admin/ HTTP/1.0" 200 7383
[27/Mar/2017 16:19:00]"GET /admin/app/parts/ HTTP/1.0" 200 58771
[27/Mar/2017 16:19:00]"GET /admin/jsi18n/ HTTP/1.0" 200 6496
[27/Mar/2017 16:22:44]"POST /webox/save_parts/ HTTP/1.0" 200 125
[27/Mar/2017 16:22:47]"GET / HTTP/1.0" 200 1929
[27/Mar/2017 16:22:49]"GET /we30/ HTTP/1.0" 200 7861
[27/Mar/2017 16:22:51]"GET /parts/ HTTP/1.0" 200 2962
Performing system checks...

System check identified no issues (0 silenced).
March 27, 2017 - 14:49:22
Django version 1.8.2, using settings 'webox_project.settings'
Starting development server at http://127.0.0.1:8000/
Quit the server with CONTROL-C.
Performing system checks...

System check identified no issues (0 silenced).
March 27, 2017 - 16:23:49
Django version 1.8.2, using settings 'webox_project.settings'
Starting development server at http://127.0.0.1:8000/
Quit the server with CONTROL-C.
[27/Mar/2017 16:24:50]"GET /admin/app/parts/ HTTP/1.0" 200 60574
[27/Mar/2017 16:24:50]"GET /admin/jsi18n/ HTTP/1.0" 200 6496
Performing system checks...

System check identified no issues (0 silenced).
March 27, 2017 - 16:24:41
Django version 1.8.2, using settings 'webox_project.settings'
Starting development server at http://127.0.0.1:8000/
Quit the server with CONTROL-C.
Performing system checks...

System check identified no issues (0 silenced).
March 27, 2017 - 16:26:16
Django version 1.8.2, using settings 'webox_project.settings'
Starting development server at http://127.0.0.1:8000/
Quit the server with CONTROL-C.
[27/Mar/2017 16:27:16]"GET / HTTP/1.0" 200 1929
[27/Mar/2017 16:27:18]"GET /we30/ HTTP/1.0" 200 7861
[27/Mar/2017 16:27:19]"GET /parts/ HTTP/1.0" 200 2964
[28/Mar/2017 10:14:42]"GET /parts/ HTTP/1.0" 200 2964
[28/Mar/2017 10:14:45]"GET /we30v/ HTTP/1.0" 200 3886
[28/Mar/2017 10:14:55]"GET /we30/ HTTP/1.0" 200 7861
[28/Mar/2017 10:14:58]"GET /we30p/ HTTP/1.0" 200 7257
[28/Mar/2017 11:57:13]"GET / HTTP/1.0" 200 1929
[28/Mar/2017 11:57:14]"GET /favicon.ico HTTP/1.0" 404 2811
[28/Mar/2017 11:57:15]"GET /we30/ HTTP/1.0" 200 7861
[28/Mar/2017 11:57:19]"GET /parts/ HTTP/1.0" 200 2964
[28/Mar/2017 11:58:21]"GET /we30v/ HTTP/1.0" 200 3886
[28/Mar/2017 11:58:33]"GET /we30c/ HTTP/1.0" 200 4751
[28/Mar/2017 11:58:37]"GET /we30p/ HTTP/1.0" 200 7257
[28/Mar/2017 11:58:57]"GET /we30/ HTTP/1.0" 200 7861
[28/Mar/2017 11:58:58]"GET /we30/ HTTP/1.0" 200 7861
[29/Mar/2017 09:05:40]"GET / HTTP/1.0" 200 1929
[29/Mar/2017 09:05:41]"GET /we30/ HTTP/1.0" 200 7861
[29/Mar/2017 09:05:55]"GET /we30p/ HTTP/1.0" 200 7257
[29/Mar/2017 09:06:10]"GET /we30c/ HTTP/1.0" 200 4751
[29/Mar/2017 09:06:24]"GET /we30v/ HTTP/1.0" 200 3886
[29/Mar/2017 09:06:39]"GET /parts/ HTTP/1.0" 200 2964
[29/Mar/2017 09:07:24]"GET /we30v/ HTTP/1.0" 200 3886
[29/Mar/2017 09:47:28]"GET /admin/ HTTP/1.0" 200 7383
[29/Mar/2017 09:47:37]"GET /admin/app/box/ HTTP/1.0" 200 85501
[29/Mar/2017 09:47:37]"GET /admin/jsi18n/ HTTP/1.0" 200 6496
[29/Mar/2017 09:48:00]"GET /admin/app/box/?q=%E5%94%90%E5%9B%BD%E7%8F%89 HTTP/1.0" 200 8127
[29/Mar/2017 09:48:00]"GET /admin/jsi18n/ HTTP/1.0" 200 6496
[29/Mar/2017 09:48:21]"GET / HTTP/1.0" 200 1929
[29/Mar/2017 09:48:23]"GET /we30/ HTTP/1.0" 200 7861
[29/Mar/2017 09:48:28]"GET /admin/ HTTP/1.0" 200 7383
[29/Mar/2017 09:48:30]"GET /admin/auth/user/ HTTP/1.0" 200 6631
[29/Mar/2017 09:48:30]"GET /admin/jsi18n/ HTTP/1.0" 200 6496
[29/Mar/2017 09:48:33]"GET /admin/app/box/ HTTP/1.0" 200 85501
[29/Mar/2017 09:48:33]"GET /admin/jsi18n/ HTTP/1.0" 200 6496
[29/Mar/2017 09:49:23]"GET /favicon.ico HTTP/1.0" 404 2811
[29/Mar/2017 09:49:27]"GET /admin HTTP/1.0" 301 0
[29/Mar/2017 09:49:27]"GET /admin/ HTTP/1.0" 302 0
[29/Mar/2017 09:49:27]"GET /admin/login/?next=/admin/ HTTP/1.0" 200 1916
[29/Mar/2017 09:49:38]"POST /admin/login/?next=/admin/ HTTP/1.0" 302 0
[29/Mar/2017 09:49:38]"GET /admin/ HTTP/1.0" 200 7383
[29/Mar/2017 09:50:11]"GET /admin/ HTTP/1.0" 200 7383
[29/Mar/2017 09:50:12]"GET /admin/ HTTP/1.0" 200 7383
[29/Mar/2017 18:07:28]"GET /favicon.ico HTTP/1.0" 404 2811
[05/Apr/2017 09:24:00]"GET / HTTP/1.0" 200 1929
[05/Apr/2017 09:24:00]"GET /favicon.ico HTTP/1.0" 404 2811
[05/Apr/2017 09:24:02]"GET /we30/ HTTP/1.0" 200 7861
[05/Apr/2017 09:24:04]"GET /admin/ HTTP/1.0" 302 0
[05/Apr/2017 09:24:04]"GET /admin/login/?next=/admin/ HTTP/1.0" 200 1916
[05/Apr/2017 09:24:07]"POST /admin/login/?next=/admin/ HTTP/1.0" 302 0
[05/Apr/2017 09:24:07]"GET /admin/ HTTP/1.0" 200 7383
[05/Apr/2017 09:24:09]"GET /admin/app/box/ HTTP/1.0" 200 85501
[05/Apr/2017 09:24:09]"GET /admin/jsi18n/ HTTP/1.0" 200 6496
[05/Apr/2017 09:24:40]"GET /admin/app/box/?q=WE30C16090103106 HTTP/1.0" 200 7771
[05/Apr/2017 09:24:40]"GET /admin/jsi18n/ HTTP/1.0" 200 6496
[05/Apr/2017 09:50:12]"GET /admin/ HTTP/1.0" 200 7383
[05/Apr/2017 09:50:14]"GET /admin/app/parts/ HTTP/1.0" 200 64917
[05/Apr/2017 09:50:14]"GET /admin/jsi18n/ HTTP/1.0" 200 6496
[05/Apr/2017 09:55:29]"GET /admin/ HTTP/1.0" 200 7383
[05/Apr/2017 09:55:32]"GET / HTTP/1.0" 200 1929
[05/Apr/2017 09:55:34]"GET /we30/ HTTP/1.0" 200 7861
[05/Apr/2017 09:55:35]"GET /parts/ HTTP/1.0" 200 2962
[05/Apr/2017 09:56:01]"GET /admin/ HTTP/1.0" 200 7383
[05/Apr/2017 09:56:14]"POST /webox/save_parts/ HTTP/1.0" 200 125
[05/Apr/2017 09:56:19]"GET /parts/ HTTP/1.0" 200 2962
[05/Apr/2017 10:02:59]"GET /we30v/ HTTP/1.0" 200 3886
[05/Apr/2017 10:03:01]"GET /we30c/ HTTP/1.0" 200 4751
[05/Apr/2017 10:03:04]"GET /we30p/ HTTP/1.0" 200 7257
[05/Apr/2017 10:03:07]"GET /we30/ HTTP/1.0" 200 7861
[05/Apr/2017 12:08:14]"GET /admin/ HTTP/1.0" 200 7383
[05/Apr/2017 12:08:28]"POST /webox/save/ HTTP/1.0" 200 446
[05/Apr/2017 12:08:47]"GET /we30p/ HTTP/1.0" 200 7469
[05/Apr/2017 12:08:48]"GET /we30c/ HTTP/1.0" 200 4753
[05/Apr/2017 12:08:50]"GET /we30v/ HTTP/1.0" 200 3888
[05/Apr/2017 12:13:06]"GET /we30/ HTTP/1.0" 200 7861
[05/Apr/2017 12:14:38]"GET /we30p/ HTTP/1.0" 200 7469
[06/Apr/2017 15:46:15]"GET / HTTP/1.0" 200 1929
[07/Apr/2017 11:47:08]"GET /favicon.ico HTTP/1.0" 404 2811
[10/Apr/2017 14:50:00]"GET / HTTP/1.0" 200 1929
[10/Apr/2017 14:50:00]"GET /favicon.ico HTTP/1.0" 404 2811
[10/Apr/2017 14:50:02]"GET /we30/ HTTP/1.0" 200 7861
[10/Apr/2017 14:50:04]"GET /admin/ HTTP/1.0" 200 7383
[11/Apr/2017 16:25:50]"GET / HTTP/1.0" 200 1929
[11/Apr/2017 16:25:51]"GET /we30/ HTTP/1.0" 200 7861
[11/Apr/2017 16:25:56]"GET /admin/ HTTP/1.0" 200 7383
[11/Apr/2017 16:26:20]"POST /webox/save/ HTTP/1.0" 200 3201
[11/Apr/2017 16:27:17]"POST /webox/save_parts/ HTTP/1.0" 200 125
[11/Apr/2017 16:27:26]"GET / HTTP/1.0" 200 1929
[11/Apr/2017 16:27:27]"GET /we30/ HTTP/1.0" 200 7861
[11/Apr/2017 16:27:28]"GET /parts/ HTTP/1.0" 200 2963
[11/Apr/2017 16:28:14]"GET /we30/ HTTP/1.0" 200 7861
[11/Apr/2017 16:28:24]"GET /we30p/ HTTP/1.0" 200 7471
[11/Apr/2017 16:28:34]"GET /we30c/ HTTP/1.0" 200 4755
[11/Apr/2017 16:28:44]"GET /we30v/ HTTP/1.0" 200 3892
[17/Apr/2017 12:13:58]"GET / HTTP/1.0" 200 1929
[17/Apr/2017 12:13:58]"GET /favicon.ico HTTP/1.0" 404 2811
[17/Apr/2017 12:14:00]"GET /we30/ HTTP/1.0" 200 7861
[17/Apr/2017 12:14:07]"GET /admin/ HTTP/1.0" 200 7383
[17/Apr/2017 12:14:09]"GET /admin/app/box/ HTTP/1.0" 200 86418
[17/Apr/2017 12:14:09]"GET /admin/jsi18n/ HTTP/1.0" 200 6496
[17/Apr/2017 12:14:14]"GET /admin/app/box/?q=WE30P17 HTTP/1.0" 200 10332
[17/Apr/2017 12:14:14]"GET /admin/jsi18n/ HTTP/1.0" 200 6496
[17/Apr/2017 14:34:37]"GET / HTTP/1.0" 200 1929
[17/Apr/2017 14:34:39]"GET /we30/ HTTP/1.0" 200 7861
[17/Apr/2017 14:34:42]"GET /admin/ HTTP/1.0" 200 7383
[17/Apr/2017 14:44:31]"GET /admin/app/parts/ HTTP/1.0" 200 66045
[17/Apr/2017 14:44:31]"GET /admin/jsi18n/ HTTP/1.0" 200 6496
[17/Apr/2017 14:45:07]"GET /admin/app/parts/?q=%E9%99%88%E6%A1%82%E6%B7%AE HTTP/1.0" 200 6706
[17/Apr/2017 14:45:07]"GET /admin/jsi18n/ HTTP/1.0" 200 6496
[17/Apr/2017 14:45:52]"GET /admin/app/parts/?q=WE30C160617000 HTTP/1.0" 200 4295
[17/Apr/2017 14:45:52]"GET /admin/jsi18n/ HTTP/1.0" 200 6496
[17/Apr/2017 14:45:54]"GET /admin/app/parts/?q=WE30C16061700 HTTP/1.0" 200 4293
[17/Apr/2017 14:45:55]"GET /admin/jsi18n/ HTTP/1.0" 200 6496
[17/Apr/2017 14:45:57]"GET /admin/app/parts/?q=WE30C160617 HTTP/1.0" 200 4289
[17/Apr/2017 14:45:57]"GET /admin/jsi18n/ HTTP/1.0" 200 6496
[17/Apr/2017 14:46:00]"GET /admin/app/parts/?q=WE30C16 HTTP/1.0" 200 7082
[17/Apr/2017 14:46:00]"GET /admin/jsi18n/ HTTP/1.0" 200 6496
[17/Apr/2017 14:46:10]"GET /admin/app/ HTTP/1.0" 200 3501
[17/Apr/2017 14:49:02]"GET /admin/app/box/ HTTP/1.0" 200 86418
[17/Apr/2017 14:49:02]"GET /admin/jsi18n/ HTTP/1.0" 200 6496
[17/Apr/2017 14:49:12]"GET /admin/app/box/?q=we30c16061700 HTTP/1.0" 200 21416
[17/Apr/2017 14:49:12]"GET /admin/jsi18n/ HTTP/1.0" 200 6496
[17/Apr/2017 14:49:27]"GET /admin/app/box/?q=we30c160617 HTTP/1.0" 200 29702
[17/Apr/2017 14:49:28]"GET /admin/jsi18n/ HTTP/1.0" 200 6496
[17/Apr/2017 14:49:51]"GET /admin/app/box/?q=we30c16061710011 HTTP/1.0" 200 4295
[17/Apr/2017 14:49:52]"GET /admin/jsi18n/ HTTP/1.0" 200 6496
[17/Apr/2017 14:50:53]"GET /admin/app/box/?q=we30c160617 HTTP/1.0" 200 29702
[17/Apr/2017 14:50:53]"GET /admin/jsi18n/ HTTP/1.0" 200 6496
[17/Apr/2017 14:51:17]"GET /admin/app/ HTTP/1.0" 200 3501
[17/Apr/2017 14:52:16]"POST /webox/save/ HTTP/1.0" 200 204
[17/Apr/2017 14:52:25]"POST /webox/save_parts/ HTTP/1.0" 200 125
[17/Apr/2017 14:52:29]"GET / HTTP/1.0" 200 1929
[17/Apr/2017 14:52:31]"GET /we30/ HTTP/1.0" 200 7861
[17/Apr/2017 14:52:32]"GET /parts/ HTTP/1.0" 200 2962
[17/Apr/2017 14:52:38]"GET /admin/app/parts/ HTTP/1.0" 200 66216
[17/Apr/2017 14:52:38]"GET /admin/jsi18n/ HTTP/1.0" 200 6496
[17/Apr/2017 14:52:43]"GET /admin/app/parts/?q=%E8%B5%B5%E5%AA%9B%E5%AA%9B HTTP/1.0" 200 6622
[17/Apr/2017 14:52:43]"GET /admin/jsi18n/ HTTP/1.0" 200 6496
[17/Apr/2017 15:49:23]"GET /admin/ HTTP/1.0" 200 7383
[17/Apr/2017 15:56:15]"GET / HTTP/1.0" 200 1929
[17/Apr/2017 15:56:17]"GET /we30/ HTTP/1.0" 200 7861
[17/Apr/2017 15:57:38]"GET /we30/ HTTP/1.0" 200 7861
[17/Apr/2017 15:57:40]"GET /we30p/ HTTP/1.0" 200 7471
[17/Apr/2017 15:57:45]"GET /we30c/ HTTP/1.0" 200 4757
[17/Apr/2017 15:57:45]"GET /we30/ HTTP/1.0" 200 7861
[17/Apr/2017 15:57:49]"GET /we30/ HTTP/1.0" 200 7861
[17/Apr/2017 15:58:18]"GET /we30p/ HTTP/1.0" 200 7471
[17/Apr/2017 15:58:21]"GET /we30c/ HTTP/1.0" 200 4757
[17/Apr/2017 15:58:23]"GET /we30v/ HTTP/1.0" 200 3892
[17/Apr/2017 15:58:28]"GET /we30/ HTTP/1.0" 200 7861
[17/Apr/2017 16:03:12]"GET /admin/ HTTP/1.0" 200 7383
[17/Apr/2017 16:03:14]"GET /admin/app/box/ HTTP/1.0" 200 86983
[17/Apr/2017 16:03:14]"GET /admin/jsi18n/ HTTP/1.0" 200 6496
[17/Apr/2017 16:03:20]"GET /admin/app/box/?q=WE30P17 HTTP/1.0" 200 13469
[17/Apr/2017 16:03:20]"GET /admin/jsi18n/ HTTP/1.0" 200 6496
[17/Apr/2017 16:03:51]"GET / HTTP/1.0" 200 1929
[17/Apr/2017 16:03:51]"GET /favicon.ico HTTP/1.0" 404 2811
[17/Apr/2017 16:03:53]"GET /we30/ HTTP/1.0" 200 7861
[17/Apr/2017 16:03:55]"GET /we30p/ HTTP/1.0" 200 7552
[17/Apr/2017 16:04:03]"GET /we30c/ HTTP/1.0" 200 4757
[17/Apr/2017 16:04:06]"GET /we30/ HTTP/1.0" 200 7861
[17/Apr/2017 16:04:11]"GET /we30p/ HTTP/1.0" 200 7552
[17/Apr/2017 16:04:12]"GET /we30c/ HTTP/1.0" 200 4757
[17/Apr/2017 16:04:16]"GET /we30/ HTTP/1.0" 200 7861
[17/Apr/2017 16:04:16]"GET / HTTP/1.0" 200 1929
[17/Apr/2017 16:04:18]"GET /we30/ HTTP/1.0" 200 7861
[17/Apr/2017 16:04:22]"GET /we30p/ HTTP/1.0" 200 7552
[17/Apr/2017 16:04:27]"GET /we30p/ HTTP/1.0" 200 7552
[17/Apr/2017 16:04:27]"GET /we30/ HTTP/1.0" 200 7861
[17/Apr/2017 16:04:28]"GET /we30c/ HTTP/1.0" 200 4757
[17/Apr/2017 16:04:32]"GET /we30/ HTTP/1.0" 200 7861
[17/Apr/2017 16:04:35]"GET /we30p/ HTTP/1.0" 200 7552
[17/Apr/2017 16:04:42]"GET /we30/ HTTP/1.0" 200 7861
[17/Apr/2017 16:04:57]"GET /we30p/ HTTP/1.0" 200 7552
[17/Apr/2017 16:05:10]"GET /we30c/ HTTP/1.0" 200 4757
[17/Apr/2017 16:05:21]"GET /we30v/ HTTP/1.0" 200 3892
[17/Apr/2017 16:05:31]"GET /parts/ HTTP/1.0" 200 2962
[17/Apr/2017 16:07:34]"GET / HTTP/1.0" 200 1929
[17/Apr/2017 16:07:36]"GET /we30/ HTTP/1.0" 200 7861
[17/Apr/2017 16:07:36]"GET /we30v/ HTTP/1.0" 200 3892
[17/Apr/2017 16:07:41]"GET /we30/ HTTP/1.0" 200 7861
[17/Apr/2017 16:07:46]"GET /we30p/ HTTP/1.0" 200 7552
[17/Apr/2017 16:07:51]"GET /we30v/ HTTP/1.0" 200 3892
[17/Apr/2017 16:07:54]"GET /we30/ HTTP/1.0" 200 7861
[17/Apr/2017 16:07:56]"GET /we30v/ HTTP/1.0" 200 3892
[17/Apr/2017 17:38:03]"GET / HTTP/1.0" 200 1929
[17/Apr/2017 17:38:04]"GET /favicon.ico HTTP/1.0" 404 2811
[17/Apr/2017 17:38:05]"GET /we30/ HTTP/1.0" 200 7861
[17/Apr/2017 17:38:56]"GET /we30p/ HTTP/1.0" 200 7552
[17/Apr/2017 17:38:58]"GET /we30p/ HTTP/1.0" 200 7552
[17/Apr/2017 17:38:58]"GET /we30/ HTTP/1.0" 200 7861
[17/Apr/2017 17:39:00]"GET /we30p/ HTTP/1.0" 200 7552
[17/Apr/2017 17:39:14]"GET /we30c/ HTTP/1.0" 200 4757
[17/Apr/2017 17:41:28]"GET /we30v/ HTTP/1.0" 200 3892
[17/Apr/2017 17:41:50]"GET /parts/ HTTP/1.0" 200 2962
[17/Apr/2017 17:41:58]"GET /admin/ HTTP/1.0" 302 0
[17/Apr/2017 17:41:58]"GET /admin/login/?next=/admin/ HTTP/1.0" 200 1916
[17/Apr/2017 17:42:00]"POST /admin/login/?next=/admin/ HTTP/1.0" 200 2078
[17/Apr/2017 17:42:08]"POST /admin/login/?next=/admin/ HTTP/1.0" 302 0
[17/Apr/2017 17:42:08]"GET /admin/ HTTP/1.0" 200 7383
[17/Apr/2017 17:42:37]"GET /admin/app/box/ HTTP/1.0" 200 86983
[17/Apr/2017 17:42:38]"GET /admin/jsi18n/ HTTP/1.0" 200 6496
[17/Apr/2017 17:47:27]"GET /admin/app/box/?p=1 HTTP/1.0" 200 90555
[17/Apr/2017 17:47:27]"GET /admin/jsi18n/ HTTP/1.0" 200 6496
[17/Apr/2017 17:47:59]"GET /admin/app/box/?p=2 HTTP/1.0" 200 88170
[17/Apr/2017 17:47:59]"GET /admin/jsi18n/ HTTP/1.0" 200 6496
[17/Apr/2017 17:48:07]"GET /admin/app/box/?p=5 HTTP/1.0" 200 87693
[17/Apr/2017 17:48:07]"GET /admin/jsi18n/ HTTP/1.0" 200 6496
[17/Apr/2017 17:48:33]"GET / HTTP/1.0" 200 1929
[17/Apr/2017 17:48:35]"GET /we30/ HTTP/1.0" 200 7861
[17/Apr/2017 17:48:45]"GET /admin/ HTTP/1.0" 200 7383
[17/Apr/2017 17:48:50]"GET /admin/app/box/ HTTP/1.0" 200 86983
[17/Apr/2017 17:48:50]"GET /admin/jsi18n/ HTTP/1.0" 200 6496
[17/Apr/2017 17:50:31]"GET /admin/app/box/?q=WE30C HTTP/1.0" 200 89976
[17/Apr/2017 17:50:31]"GET /admin/jsi18n/ HTTP/1.0" 200 6496
[17/Apr/2017 17:50:50]"GET /admin/app/box/?q=5630 HTTP/1.0" 200 14849
[17/Apr/2017 17:50:50]"GET /admin/jsi18n/ HTTP/1.0" 200 6496
[17/Apr/2017 17:52:00]"GET / HTTP/1.0" 200 1929
[17/Apr/2017 17:52:02]"GET /we30/ HTTP/1.0" 200 7861
[17/Apr/2017 17:52:10]"GET /we30p/ HTTP/1.0" 200 7552
[17/Apr/2017 17:52:13]"GET /we30/ HTTP/1.0" 200 7861
[17/Apr/2017 17:52:15]"GET /we30v/ HTTP/1.0" 200 3892
[17/Apr/2017 17:52:19]"GET /we30/ HTTP/1.0" 200 7861
[17/Apr/2017 17:52:22]"GET /we30p/ HTTP/1.0" 200 7552
[17/Apr/2017 17:52:28]"GET /we30c/ HTTP/1.0" 200 4757
[17/Apr/2017 17:52:32]"GET /parts/ HTTP/1.0" 200 2962
[17/Apr/2017 17:52:34]"GET /we30v/ HTTP/1.0" 200 3892
[17/Apr/2017 17:52:39]"GET /we30p/ HTTP/1.0" 200 7552
[17/Apr/2017 17:52:45]"GET /we30/ HTTP/1.0" 200 7861
[17/Apr/2017 17:57:00]"GET /admin/app/box/add/?_changelist_filters=p%3D2 HTTP/1.0" 200 10059
[17/Apr/2017 17:57:00]"GET /admin/jsi18n/ HTTP/1.0" 200 6496
[17/Apr/2017 17:57:20]"GET /admin/app/ HTTP/1.0" 200 3501
[17/Apr/2017 17:57:24]"GET /admin/ HTTP/1.0" 200 7383
[17/Apr/2017 18:00:33]"GET / HTTP/1.0" 200 1929
[17/Apr/2017 18:00:35]"GET /we30/ HTTP/1.0" 200 7861
[17/Apr/2017 18:00:41]"GET /we30p/ HTTP/1.0" 200 7552
[17/Apr/2017 18:00:46]"GET /we30c/ HTTP/1.0" 200 4757
[17/Apr/2017 18:00:48]"GET /we30v/ HTTP/1.0" 200 3892
[17/Apr/2017 18:00:51]"GET /parts/ HTTP/1.0" 200 2962
[20/Apr/2017 11:12:04]"GET / HTTP/1.0" 200 1929
[20/Apr/2017 11:12:06]"GET / HTTP/1.0" 200 1929
[20/Apr/2017 11:12:06]"GET /we30/ HTTP/1.0" 200 7861
- Broken pipe from ('127.0.0.1', 52555)
[20/Apr/2017 11:12:07]"GET /we30/ HTTP/1.0" 200 7861
[20/Apr/2017 11:12:32]"GET /admin/ HTTP/1.0" 302 0
[20/Apr/2017 11:12:32]"GET /admin/login/?next=/admin/ HTTP/1.0" 200 1902
[20/Apr/2017 11:12:36]"POST /admin/login/?next=/admin/ HTTP/1.0" 302 0
[20/Apr/2017 11:12:36]"GET /admin/ HTTP/1.0" 200 7363
[20/Apr/2017 11:12:38]"GET /admin/app/box/ HTTP/1.0" 200 87535
[20/Apr/2017 11:12:38]"GET /admin/jsi18n/ HTTP/1.0" 200 6496
[20/Apr/2017 11:14:17]"GET /favicon.ico HTTP/1.0" 404 2811
[20/Apr/2017 11:14:18]"GET / HTTP/1.0" 200 1929
[20/Apr/2017 11:14:18]"GET /favicon.ico HTTP/1.0" 404 2811
[20/Apr/2017 11:14:19]"GET / HTTP/1.0" 200 1929
[20/Apr/2017 11:14:19]"GET /we30/ HTTP/1.0" 200 7861
- Broken pipe from ('127.0.0.1', 52676)
[20/Apr/2017 11:14:21]"GET /we30/ HTTP/1.0" 200 7861
[20/Apr/2017 11:14:38]"GET / HTTP/1.0" 200 1929
[20/Apr/2017 11:14:40]"GET /we30/ HTTP/1.0" 200 7861
[20/Apr/2017 11:14:45]"GET / HTTP/1.0" 200 1929
[20/Apr/2017 11:14:48]"GET /we30p/ HTTP/1.0" 200 7552
[20/Apr/2017 11:14:48]"GET /we30c/ HTTP/1.0" 200 4757
[20/Apr/2017 11:14:49]"GET /we30v/ HTTP/1.0" 200 3892
[20/Apr/2017 11:14:50]"GET /parts/ HTTP/1.0" 200 2962
[20/Apr/2017 11:15:00]"GET /we30p/ HTTP/1.0" 200 7552
[20/Apr/2017 11:15:02]"GET /we30c/ HTTP/1.0" 200 4757
[20/Apr/2017 11:15:05]"GET /we30v/ HTTP/1.0" 200 3892
[20/Apr/2017 11:15:07]"GET /we30/ HTTP/1.0" 200 7861
[20/Apr/2017 11:17:11]"GET / HTTP/1.0" 200 1929
[20/Apr/2017 11:17:11]"GET /favicon.ico HTTP/1.0" 404 2811
[20/Apr/2017 11:17:13]"GET /we30/ HTTP/1.0" 200 7861
[20/Apr/2017 11:17:19]"GET /we30p/ HTTP/1.0" 200 7552
[20/Apr/2017 11:17:20]"GET /we30c/ HTTP/1.0" 200 4757
[20/Apr/2017 11:17:21]"GET /we30v/ HTTP/1.0" 200 3892
[20/Apr/2017 11:17:24]"GET /parts/ HTTP/1.0" 200 2962
[20/Apr/2017 11:17:30]"GET /we30v/ HTTP/1.0" 200 3892
[20/Apr/2017 11:17:32]"GET /we30c/ HTTP/1.0" 200 4757
